  of3dPrimitives.cpp
  of3dUtils.cpp
  ofCamera.cpp
  ofEasyCam.cpp
  ofMesh.cpp
  ofNode.cpp
  ofAppGLFWWindow.cpp
  ofAppGlutWindow.cpp
c:\workspace\project\sirius\library\openframeworks\libs\openframeworks\math\ofVec2f.h : warning C4819: The file contains a character that cannot be represented in the current code page (949). Save the file in Unicode format to prevent data loss (compiling source file ..\..\..\openFrameworks\3d\ofNode.cpp)
C:\workspace\project\sirius\library\openframeworks\libs\openFrameworks\math\ofVec3f.h : warning C4819: The file contains a character that cannot be represented in the current code page (949). Save the file in Unicode format to prevent data loss (compiling source file ..\..\..\openFrameworks\3d\ofMesh.cpp)
c:\workspace\project\sirius\library\openframeworks\libs\openframeworks\math\ofVec2f.h : warning C4819: The file contains a character that cannot be represented in the current code page (949). Save the file in Unicode format to prevent data loss (compiling source file ..\..\..\openFrameworks\3d\ofMesh.cpp)
C:\workspace\project\sirius\library\openframeworks\libs\openFrameworks\math\ofVec3f.h : warning C4819: The file contains a character that cannot be represented in the current code page (949). Save the file in Unicode format to prevent data loss (compiling source file ..\..\..\openFrameworks\3d\of3dPrimitives.cpp)
c:\workspace\project\sirius\library\openframeworks\libs\openframeworks\math\ofVec2f.h : warning C4819: The file contains a character that cannot be represented in the current code page (949). Save the file in Unicode format to prevent data loss (compiling source file ..\..\..\openFrameworks\3d\of3dPrimitives.cpp)
C:\workspace\project\sirius\library\openframeworks\libs\openFrameworks\math\ofVec3f.h : warning C4819: The file contains a character that cannot be represented in the current code page (949). Save the file in Unicode format to prevent data loss (compiling source file ..\..\..\openFrameworks\3d\ofCamera.cpp)
c:\workspace\project\sirius\library\openframeworks\libs\openframeworks\math\ofVec2f.h : warning C4819: The file contains a character that cannot be represented in the current code page (949). Save the file in Unicode format to prevent data loss (compiling source file ..\..\..\openFrameworks\3d\ofCamera.cpp)
C:\workspace\project\sirius\library\openframeworks\libs\openFrameworks\math\ofVec3f.h : warning C4819: The file contains a character that cannot be represented in the current code page (949). Save the file in Unicode format to prevent data loss (compiling source file ..\..\..\openFrameworks\3d\ofEasyCam.cpp)
c:\workspace\project\sirius\library\openframeworks\libs\openframeworks\math\ofVec2f.h : warning C4819: The file contains a character that cannot be represented in the current code page (949). Save the file in Unicode format to prevent data loss (compiling source file ..\..\..\openFrameworks\3d\ofEasyCam.cpp)
C:\workspace\project\sirius\library\openframeworks\libs\openFrameworks\math\ofVec3f.h : warning C4819: The file contains a character that cannot be represented in the current code page (949). Save the file in Unicode format to prevent data loss (compiling source file ..\..\..\openFrameworks\3d\of3dUtils.cpp)
c:\workspace\project\sirius\library\openframeworks\libs\openframeworks\math\ofVec2f.h : warning C4819: The file contains a character that cannot be represented in the current code page (949). Save the file in Unicode format to prevent data loss (compiling source file ..\..\..\openFrameworks\3d\of3dUtils.cpp)
c:\workspace\project\sirius\library\openframeworks\libs\openframeworks\math\ofVec3f.h : warning C4819: The file contains a character that cannot be represented in the current code page (949). Save the file in Unicode format to prevent data loss (compiling source file ..\..\..\openFrameworks\3d\ofNode.cpp)
C:\workspace\project\sirius\library\openframeworks\libs\openFrameworks\math\ofVec3f.h : warning C4819: The file contains a character that cannot be represented in the current code page (949). Save the file in Unicode format to prevent data loss (compiling source file ..\..\..\openFrameworks\app\ofAppGLFWWindow.cpp)
c:\workspace\project\sirius\library\openframeworks\libs\openframeworks\math\ofVec2f.h : warning C4819: The file contains a character that cannot be represented in the current code page (949). Save the file in Unicode format to prevent data loss (compiling source file ..\..\..\openFrameworks\app\ofAppGLFWWindow.cpp)
C:\workspace\project\sirius\library\openframeworks\libs\openFrameworks\math\ofVec3f.h : warning C4819: The file contains a character that cannot be represented in the current code page (949). Save the file in Unicode format to prevent data loss (compiling source file ..\..\..\openFrameworks\app\ofAppGlutWindow.cpp)
c:\workspace\project\sirius\library\openframeworks\libs\openframeworks\math\ofVec2f.h : warning C4819: The file contains a character that cannot be represented in the current code page (949). Save the file in Unicode format to prevent data loss (compiling source file ..\..\..\openFrameworks\app\ofAppGlutWindow.cpp)
  ofAppNoWindow.cpp
  ofAppRunner.cpp
  ofMainLoop.cpp
  ofEvents.cpp
C:\workspace\project\sirius\library\openframeworks\libs\openFrameworks\math\ofVec3f.h : warning C4819: The file contains a character that cannot be represented in the current code page (949). Save the file in Unicode format to prevent data loss (compiling source file ..\..\..\openFrameworks\app\ofAppNoWindow.cpp)
c:\workspace\project\sirius\library\openframeworks\libs\openframeworks\math\ofVec2f.h : warning C4819: The file contains a character that cannot be represented in the current code page (949). Save the file in Unicode format to prevent data loss (compiling source file ..\..\..\openFrameworks\app\ofAppNoWindow.cpp)
  ofBufferObject.cpp
  ofFbo.cpp
  ofGLRenderer.cpp
  ofGLUtils.cpp
C:\workspace\project\sirius\library\openframeworks\libs\openFrameworks\math\ofVec3f.h : warning C4819: The file contains a character that cannot be represented in the current code page (949). Save the file in Unicode format to prevent data loss (compiling source file ..\..\..\openFrameworks\app\ofAppRunner.cpp)
c:\workspace\project\sirius\library\openframeworks\libs\openframeworks\math\ofVec2f.h : warning C4819: The file contains a character that cannot be represented in the current code page (949). Save the file in Unicode format to prevent data loss (compiling source file ..\..\..\openFrameworks\app\ofAppRunner.cpp)
C:\workspace\project\sirius\library\openframeworks\libs\openFrameworks\math\ofVec3f.h : warning C4819: The file contains a character that cannot be represented in the current code page (949). Save the file in Unicode format to prevent data loss (compiling source file ..\..\..\openFrameworks\app\ofMainLoop.cpp)
c:\workspace\project\sirius\library\openframeworks\libs\openframeworks\math\ofVec2f.h : warning C4819: The file contains a character that cannot be represented in the current code page (949). Save the file in Unicode format to prevent data loss (compiling source file ..\..\..\openFrameworks\app\ofMainLoop.cpp)
C:\workspace\project\sirius\library\openframeworks\libs\openFrameworks\math\ofVec3f.h : warning C4819: The file contains a character that cannot be represented in the current code page (949). Save the file in Unicode format to prevent data loss (compiling source file ..\..\..\openFrameworks\events\ofEvents.cpp)
c:\workspace\project\sirius\library\openframeworks\libs\openframeworks\math\ofVec2f.h : warning C4819: The file contains a character that cannot be represented in the current code page (949). Save the file in Unicode format to prevent data loss (compiling source file ..\..\..\openFrameworks\events\ofEvents.cpp)
c:\workspace\project\sirius\library\openframeworks\libs\openframeworks\math\ofVec3f.h : warning C4819: The file contains a character that cannot be represented in the current code page (949). Save the file in Unicode format to prevent data loss (compiling source file ..\..\..\openFrameworks\gl\ofBufferObject.cpp)
c:\workspace\project\sirius\library\openframeworks\libs\openframeworks\math\ofVec2f.h : warning C4819: The file contains a character that cannot be represented in the current code page (949). Save the file in Unicode format to prevent data loss (compiling source file ..\..\..\openFrameworks\gl\ofBufferObject.cpp)
C:\workspace\project\sirius\library\openframeworks\libs\openFrameworks\math\ofVec3f.h : warning C4819: The file contains a character that cannot be represented in the current code page (949). Save the file in Unicode format to prevent data loss (compiling source file ..\..\..\openFrameworks\gl\ofFbo.cpp)
c:\workspace\project\sirius\library\openframeworks\libs\openframeworks\math\ofVec2f.h : warning C4819: The file contains a character that cannot be represented in the current code page (949). Save the file in Unicode format to prevent data loss (compiling source file ..\..\..\openFrameworks\gl\ofFbo.cpp)
c:\workspace\project\sirius\library\openframeworks\libs\openframeworks\math\ofVec3f.h : warning C4819: The file contains a character that cannot be represented in the current code page (949). Save the file in Unicode format to prevent data loss (compiling source file ..\..\..\openFrameworks\gl\ofGLRenderer.cpp)
c:\workspace\project\sirius\library\openframeworks\libs\openframeworks\math\ofVec2f.h : warning C4819: The file contains a character that cannot be represented in the current code page (949). Save the file in Unicode format to prevent data loss (compiling source file ..\..\..\openFrameworks\gl\ofGLRenderer.cpp)
c:\workspace\project\sirius\library\openframeworks\libs\openframeworks\math\ofVec3f.h : warning C4819: The file contains a character that cannot be represented in the current code page (949). Save the file in Unicode format to prevent data loss (compiling source file ..\..\..\openFrameworks\gl\ofGLUtils.cpp)
c:\workspace\project\sirius\library\openframeworks\libs\openframeworks\math\ofVec2f.h : warning C4819: The file contains a character that cannot be represented in the current code page (949). Save the file in Unicode format to prevent data loss (compiling source file ..\..\..\openFrameworks\gl\ofGLUtils.cpp)
  ofLight.cpp
  ofMaterial.cpp
c:\workspace\project\sirius\library\openframeworks\libs\openframeworks\math\ofVec2f.h : warning C4819: The file contains a character that cannot be represented in the current code page (949). Save the file in Unicode format to prevent data loss (compiling source file ..\..\..\openFrameworks\gl\ofLight.cpp)
  ofGLProgrammableRenderer.cpp
c:\workspace\project\sirius\library\openframeworks\libs\openframeworks\math\ofVec3f.h : warning C4819: The file contains a character that cannot be represented in the current code page (949). Save the file in Unicode format to prevent data loss (compiling source file ..\..\..\openFrameworks\gl\ofMaterial.cpp)
c:\workspace\project\sirius\library\openframeworks\libs\openframeworks\math\ofVec2f.h : warning C4819: The file contains a character that cannot be represented in the current code page (949). Save the file in Unicode format to prevent data loss (compiling source file ..\..\..\openFrameworks\gl\ofMaterial.cpp)
c:\workspace\project\sirius\library\openframeworks\libs\openframeworks\math\ofVec3f.h : warning C4819: The file contains a character that cannot be represented in the current code page (949). Save the file in Unicode format to prevent data loss (compiling source file ..\..\..\openFrameworks\gl\ofLight.cpp)
  ofShader.cpp
c:\workspace\project\sirius\library\openframeworks\libs\openframeworks\math\ofVec3f.h : warning C4819: The file contains a character that cannot be represented in the current code page (949). Save the file in Unicode format to prevent data loss (compiling source file ..\..\..\openFrameworks\gl\ofGLProgrammableRenderer.cpp)
c:\workspace\project\sirius\library\openframeworks\libs\openframeworks\math\ofVec2f.h : warning C4819: The file contains a character that cannot be represented in the current code page (949). Save the file in Unicode format to prevent data loss (compiling source file ..\..\..\openFrameworks\gl\ofGLProgrammableRenderer.cpp)
  ofTexture.cpp
C:\workspace\project\sirius\library\openframeworks\libs\openFrameworks\math\ofVec3f.h : warning C4819: The file contains a character that cannot be represented in the current code page (949). Save the file in Unicode format to prevent data loss (compiling source file ..\..\..\openFrameworks\gl\ofTexture.cpp)
c:\workspace\project\sirius\library\openframeworks\libs\openframeworks\math\ofVec2f.h : warning C4819: The file contains a character that cannot be represented in the current code page (949). Save the file in Unicode format to prevent data loss (compiling source file ..\..\..\openFrameworks\gl\ofTexture.cpp)
  ofVbo.cpp
  ofVboMesh.cpp
c:\workspace\project\sirius\library\openframeworks\libs\openframeworks\math\ofVec3f.h : warning C4819: The file contains a character that cannot be represented in the current code page (949). Save the file in Unicode format to prevent data loss (compiling source file ..\..\..\openFrameworks\gl\ofShader.cpp)
c:\workspace\project\sirius\library\openframeworks\libs\openframeworks\math\ofVec2f.h : warning C4819: The file contains a character that cannot be represented in the current code page (949). Save the file in Unicode format to prevent data loss (compiling source file ..\..\..\openFrameworks\gl\ofShader.cpp)
  of3dGraphics.cpp
C:\workspace\project\sirius\library\openframeworks\libs\openFrameworks\math\ofVec3f.h : warning C4819: The file contains a character that cannot be represented in the current code page (949). Save the file in Unicode format to prevent data loss (compiling source file ..\..\..\openFrameworks\gl\ofVboMesh.cpp)
c:\workspace\project\sirius\library\openframeworks\libs\openframeworks\math\ofVec2f.h : warning C4819: The file contains a character that cannot be represented in the current code page (949). Save the file in Unicode format to prevent data loss (compiling source file ..\..\..\openFrameworks\gl\ofVboMesh.cpp)
c:\workspace\project\sirius\library\openframeworks\libs\openframeworks\math\ofVec3f.h : warning C4819: The file contains a character that cannot be represented in the current code page (949). Save the file in Unicode format to prevent data loss (compiling source file ..\..\..\openFrameworks\graphics\of3dGraphics.cpp)
c:\workspace\project\sirius\library\openframeworks\libs\openframeworks\math\ofVec2f.h : warning C4819: The file contains a character that cannot be represented in the current code page (949). Save the file in Unicode format to prevent data loss (compiling source file ..\..\..\openFrameworks\graphics\of3dGraphics.cpp)
c:\workspace\project\sirius\library\openframeworks\libs\openframeworks\math\ofVec3f.h : warning C4819: The file contains a character that cannot be represented in the current code page (949). Save the file in Unicode format to prevent data loss (compiling source file ..\..\..\openFrameworks\gl\ofVbo.cpp)
c:\workspace\project\sirius\library\openframeworks\libs\openframeworks\math\ofVec2f.h : warning C4819: The file contains a character that cannot be represented in the current code page (949). Save the file in Unicode format to prevent data loss (compiling source file ..\..\..\openFrameworks\gl\ofVbo.cpp)
  ofBitmapFont.cpp
  ofCairoRenderer.cpp
c:\workspace\project\sirius\library\openframeworks\libs\openframeworks\math\ofVec3f.h : warning C4819: The file contains a character that cannot be represented in the current code page (949). Save the file in Unicode format to prevent data loss (compiling source file ..\..\..\openFrameworks\graphics\ofCairoRenderer.cpp)
c:\workspace\project\sirius\library\openframeworks\libs\openframeworks\math\ofVec2f.h : warning C4819: The file contains a character that cannot be represented in the current code page (949). Save the file in Unicode format to prevent data loss (compiling source file ..\..\..\openFrameworks\graphics\ofCairoRenderer.cpp)
  ofGraphics.cpp
C:\workspace\project\sirius\library\openframeworks\libs\openFrameworks\math\ofVec3f.h : warning C4819: The file contains a character that cannot be represented in the current code page (949). Save the file in Unicode format to prevent data loss (compiling source file ..\..\..\openFrameworks\graphics\ofBitmapFont.cpp)
c:\workspace\project\sirius\library\openframeworks\libs\openframeworks\math\ofVec2f.h : warning C4819: The file contains a character that cannot be represented in the current code page (949). Save the file in Unicode format to prevent data loss (compiling source file ..\..\..\openFrameworks\graphics\ofBitmapFont.cpp)
  ofImage.cpp
  ofPath.cpp
c:\workspace\project\sirius\library\openframeworks\libs\openframeworks\math\ofVec3f.h : warning C4819: The file contains a character that cannot be represented in the current code page (949). Save the file in Unicode format to prevent data loss (compiling source file ..\..\..\openFrameworks\graphics\ofGraphics.cpp)
c:\workspace\project\sirius\library\openframeworks\libs\openframeworks\math\ofVec2f.h : warning C4819: The file contains a character that cannot be represented in the current code page (949). Save the file in Unicode format to prevent data loss (compiling source file ..\..\..\openFrameworks\graphics\ofGraphics.cpp)
  ofPixels.cpp
C:\workspace\project\sirius\library\openframeworks\libs\openFrameworks\math\ofVec3f.h : warning C4819: The file contains a character that cannot be represented in the current code page (949). Save the file in Unicode format to prevent data loss (compiling source file ..\..\..\openFrameworks\graphics\ofPath.cpp)
c:\workspace\project\sirius\library\openframeworks\libs\openframeworks\math\ofVec2f.h : warning C4819: The file contains a character that cannot be represented in the current code page (949). Save the file in Unicode format to prevent data loss (compiling source file ..\..\..\openFrameworks\graphics\ofPath.cpp)
  ofPolyline.cpp
C:\workspace\project\sirius\library\openframeworks\libs\openFrameworks\math\ofVec3f.h : warning C4819: The file contains a character that cannot be represented in the current code page (949). Save the file in Unicode format to prevent data loss (compiling source file ..\..\..\openFrameworks\graphics\ofPolyline.cpp)
c:\workspace\project\sirius\library\openframeworks\libs\openframeworks\math\ofVec2f.h : warning C4819: The file contains a character that cannot be represented in the current code page (949). Save the file in Unicode format to prevent data loss (compiling source file ..\..\..\openFrameworks\graphics\ofPolyline.cpp)
C:\workspace\project\sirius\library\openframeworks\libs\openFrameworks\math\ofVec3f.h : warning C4819: The file contains a character that cannot be represented in the current code page (949). Save the file in Unicode format to prevent data loss (compiling source file ..\..\..\openFrameworks\graphics\ofImage.cpp)
c:\workspace\project\sirius\library\openframeworks\libs\openframeworks\math\ofVec2f.h : warning C4819: The file contains a character that cannot be represented in the current code page (949). Save the file in Unicode format to prevent data loss (compiling source file ..\..\..\openFrameworks\graphics\ofImage.cpp)
C:\workspace\project\sirius\library\openframeworks\libs\freeImage\include\FreeImage.h : warning C4819: The file contains a character that cannot be represented in the current code page (949). Save the file in Unicode format to prevent data loss (compiling source file ..\..\..\openFrameworks\graphics\ofImage.cpp)
  ofRendererCollection.cpp
  ofTessellator.cpp
c:\workspace\project\sirius\library\openframeworks\libs\openframeworks\math\ofVec3f.h : warning C4819: The file contains a character that cannot be represented in the current code page (949). Save the file in Unicode format to prevent data loss (compiling source file ..\..\..\openFrameworks\graphics\ofPixels.cpp)
c:\workspace\project\sirius\library\openframeworks\libs\openframeworks\math\ofVec2f.h : warning C4819: The file contains a character that cannot be represented in the current code page (949). Save the file in Unicode format to prevent data loss (compiling source file ..\..\..\openFrameworks\graphics\ofPixels.cpp)
c:\workspace\project\sirius\library\openframeworks\libs\openframeworks\math\ofVec3f.h : warning C4819: The file contains a character that cannot be represented in the current code page (949). Save the file in Unicode format to prevent data loss (compiling source file ..\..\..\openFrameworks\graphics\ofRendererCollection.cpp)
c:\workspace\project\sirius\library\openframeworks\libs\openframeworks\math\ofVec2f.h : warning C4819: The file contains a character that cannot be represented in the current code page (949). Save the file in Unicode format to prevent data loss (compiling source file ..\..\..\openFrameworks\graphics\ofRendererCollection.cpp)
C:\workspace\project\sirius\library\openframeworks\libs\openFrameworks\math\ofVec3f.h : warning C4819: The file contains a character that cannot be represented in the current code page (949). Save the file in Unicode format to prevent data loss (compiling source file ..\..\..\openFrameworks\graphics\ofTessellator.cpp)
c:\workspace\project\sirius\library\openframeworks\libs\openframeworks\math\ofVec2f.h : warning C4819: The file contains a character that cannot be represented in the current code page (949). Save the file in Unicode format to prevent data loss (compiling source file ..\..\..\openFrameworks\graphics\ofTessellator.cpp)
  ofTrueTypeFont.cpp
C:\workspace\project\sirius\library\openframeworks\libs\openFrameworks\math\ofVec3f.h : warning C4819: The file contains a character that cannot be represented in the current code page (949). Save the file in Unicode format to prevent data loss (compiling source file ..\..\..\openFrameworks\graphics\ofTrueTypeFont.cpp)
c:\workspace\project\sirius\library\openframeworks\libs\openframeworks\math\ofVec2f.h : warning C4819: The file contains a character that cannot be represented in the current code page (949). Save the file in Unicode format to prevent data loss (compiling source file ..\..\..\openFrameworks\graphics\ofTrueTypeFont.cpp)
  ofMath.cpp
c:\workspace\project\sirius\library\openframeworks\libs\openframeworks\math\ofVec3f.h : warning C4819: The file contains a character that cannot be represented in the current code page (949). Save the file in Unicode format to prevent data loss (compiling source file ..\..\..\openFrameworks\math\ofMath.cpp)
c:\workspace\project\sirius\library\openframeworks\libs\openframeworks\math\ofVec2f.h : warning C4819: The file contains a character that cannot be represented in the current code page (949). Save the file in Unicode format to prevent data loss (compiling source file ..\..\..\openFrameworks\math\ofMath.cpp)
  ofMatrix3x3.cpp
  ofMatrix4x4.cpp
c:\workspace\project\sirius\library\openframeworks\libs\openframeworks\math\ofVec3f.h : warning C4819: The file contains a character that cannot be represented in the current code page (949). Save the file in Unicode format to prevent data loss (compiling source file ..\..\..\openFrameworks\math\ofMatrix4x4.cpp)
c:\workspace\project\sirius\library\openframeworks\libs\openframeworks\math\ofVec2f.h : warning C4819: The file contains a character that cannot be represented in the current code page (949). Save the file in Unicode format to prevent data loss (compiling source file ..\..\..\openFrameworks\math\ofMatrix4x4.cpp)
  ofQuaternion.cpp
  ofVec2f.cpp
c:\workspace\project\sirius\library\openframeworks\libs\openframeworks\math\ofVec2f.h : warning C4819: The file contains a character that cannot be represented in the current code page (949). Save the file in Unicode format to prevent data loss (compiling source file ..\..\..\openFrameworks\math\ofVec2f.cpp)
  ofVec4f.cpp
c:\workspace\project\sirius\library\openframeworks\libs\openframeworks\math\ofVec2f.h : warning C4819: The file contains a character that cannot be represented in the current code page (949). Save the file in Unicode format to prevent data loss (compiling source file ..\..\..\openFrameworks\math\ofVec4f.cpp)
  ofBaseSoundStream.cpp
c:\workspace\project\sirius\library\openframeworks\libs\openframeworks\math\ofVec3f.h : warning C4819: The file contains a character that cannot be represented in the current code page (949). Save the file in Unicode format to prevent data loss (compiling source file ..\..\..\openFrameworks\math\ofQuaternion.cpp)
c:\workspace\project\sirius\library\openframeworks\libs\openframeworks\math\ofVec2f.h : warning C4819: The file contains a character that cannot be represented in the current code page (949). Save the file in Unicode format to prevent data loss (compiling source file ..\..\..\openFrameworks\math\ofQuaternion.cpp)
  ofFmodSoundPlayer.cpp
c:\workspace\project\sirius\library\openframeworks\libs\openframeworks\math\ofVec3f.h : warning C4819: The file contains a character that cannot be represented in the current code page (949). Save the file in Unicode format to prevent data loss (compiling source file ..\..\..\openFrameworks\math\ofVec2f.cpp)
c:\workspace\project\sirius\library\openframeworks\libs\openframeworks\math\ofVec3f.h : warning C4819: The file contains a character that cannot be represented in the current code page (949). Save the file in Unicode format to prevent data loss (compiling source file ..\..\..\openFrameworks\math\ofVec4f.cpp)
  ofRtAudioSoundStream.cpp
  ofSoundBuffer.cpp
  ofSoundPlayer.cpp
c:\workspace\project\sirius\library\openframeworks\libs\openframeworks\math\ofVec3f.h : warning C4819: The file contains a character that cannot be represented in the current code page (949). Save the file in Unicode format to prevent data loss (compiling source file ..\..\..\openFrameworks\sound\ofBaseSoundStream.cpp)
c:\workspace\project\sirius\library\openframeworks\libs\openframeworks\math\ofVec2f.h : warning C4819: The file contains a character that cannot be represented in the current code page (949). Save the file in Unicode format to prevent data loss (compiling source file ..\..\..\openFrameworks\sound\ofBaseSoundStream.cpp)
  ofSoundStream.cpp
  ofBaseTypes.cpp
c:\workspace\project\sirius\library\openframeworks\libs\openframeworks\math\ofVec3f.h : warning C4819: The file contains a character that cannot be represented in the current code page (949). Save the file in Unicode format to prevent data loss (compiling source file ..\..\..\openFrameworks\sound\ofRtAudioSoundStream.cpp)
c:\workspace\project\sirius\library\openframeworks\libs\openframeworks\math\ofVec2f.h : warning C4819: The file contains a character that cannot be represented in the current code page (949). Save the file in Unicode format to prevent data loss (compiling source file ..\..\..\openFrameworks\sound\ofRtAudioSoundStream.cpp)
c:\workspace\project\sirius\library\openframeworks\libs\openframeworks\math\ofVec3f.h : warning C4819: The file contains a character that cannot be represented in the current code page (949). Save the file in Unicode format to prevent data loss (compiling source file ..\..\..\openFrameworks\sound\ofSoundBuffer.cpp)
c:\workspace\project\sirius\library\openframeworks\libs\openframeworks\math\ofVec2f.h : warning C4819: The file contains a character that cannot be represented in the current code page (949). Save the file in Unicode format to prevent data loss (compiling source file ..\..\..\openFrameworks\sound\ofSoundBuffer.cpp)
c:\workspace\project\sirius\library\openframeworks\libs\openframeworks\math\ofVec3f.h : warning C4819: The file contains a character that cannot be represented in the current code page (949). Save the file in Unicode format to prevent data loss (compiling source file ..\..\..\openFrameworks\sound\ofSoundPlayer.cpp)
c:\workspace\project\sirius\library\openframeworks\libs\openframeworks\math\ofVec2f.h : warning C4819: The file contains a character that cannot be represented in the current code page (949). Save the file in Unicode format to prevent data loss (compiling source file ..\..\..\openFrameworks\sound\ofSoundPlayer.cpp)
c:\workspace\project\sirius\library\openframeworks\libs\openframeworks\math\ofVec3f.h : warning C4819: The file contains a character that cannot be represented in the current code page (949). Save the file in Unicode format to prevent data loss (compiling source file ..\..\..\openFrameworks\sound\ofSoundStream.cpp)
c:\workspace\project\sirius\library\openframeworks\libs\openframeworks\math\ofVec2f.h : warning C4819: The file contains a character that cannot be represented in the current code page (949). Save the file in Unicode format to prevent data loss (compiling source file ..\..\..\openFrameworks\sound\ofSoundStream.cpp)
c:\workspace\project\sirius\library\openframeworks\libs\openframeworks\math\ofVec3f.h : warning C4819: The file contains a character that cannot be represented in the current code page (949). Save the file in Unicode format to prevent data loss (compiling source file ..\..\..\openFrameworks\types\ofBaseTypes.cpp)
c:\workspace\project\sirius\library\openframeworks\libs\openframeworks\math\ofVec2f.h : warning C4819: The file contains a character that cannot be represented in the current code page (949). Save the file in Unicode format to prevent data loss (compiling source file ..\..\..\openFrameworks\types\ofBaseTypes.cpp)
c:\workspace\project\sirius\library\openframeworks\libs\openframeworks\math\ofVec3f.h : warning C4819: The file contains a character that cannot be represented in the current code page (949). Save the file in Unicode format to prevent data loss (compiling source file ..\..\..\openFrameworks\sound\ofFmodSoundPlayer.cpp)
c:\workspace\project\sirius\library\openframeworks\libs\openframeworks\math\ofVec2f.h : warning C4819: The file contains a character that cannot be represented in the current code page (949). Save the file in Unicode format to prevent data loss (compiling source file ..\..\..\openFrameworks\sound\ofFmodSoundPlayer.cpp)
  ofColor.cpp
c:\workspace\project\sirius\library\openframeworks\libs\openframeworks\math\ofVec3f.h : warning C4819: The file contains a character that cannot be represented in the current code page (949). Save the file in Unicode format to prevent data loss (compiling source file ..\..\..\openFrameworks\types\ofColor.cpp)
c:\workspace\project\sirius\library\openframeworks\libs\openframeworks\math\ofVec2f.h : warning C4819: The file contains a character that cannot be represented in the current code page (949). Save the file in Unicode format to prevent data loss (compiling source file ..\..\..\openFrameworks\types\ofColor.cpp)
  ofParameter.cpp
  ofParameterGroup.cpp
  ofRectangle.cpp
C:\workspace\project\sirius\library\openframeworks\libs\openFrameworks\math\ofVec3f.h : warning C4819: The file contains a character that cannot be represented in the current code page (949). Save the file in Unicode format to prevent data loss (compiling source file ..\..\..\openFrameworks\types\ofParameter.cpp)
c:\workspace\project\sirius\library\openframeworks\libs\openframeworks\math\ofVec2f.h : warning C4819: The file contains a character that cannot be represented in the current code page (949). Save the file in Unicode format to prevent data loss (compiling source file ..\..\..\openFrameworks\types\ofParameter.cpp)
  ofFileUtils.cpp
  ofFpsCounter.cpp
  ofLog.cpp
C:\workspace\project\sirius\library\openframeworks\libs\openFrameworks\math\ofVec3f.h : warning C4819: The file contains a character that cannot be represented in the current code page (949). Save the file in Unicode format to prevent data loss (compiling source file ..\..\..\openFrameworks\types\ofRectangle.cpp)
c:\workspace\project\sirius\library\openframeworks\libs\openframeworks\math\ofVec2f.h : warning C4819: The file contains a character that cannot be represented in the current code page (949). Save the file in Unicode format to prevent data loss (compiling source file ..\..\..\openFrameworks\types\ofRectangle.cpp)
  ofMatrixStack.cpp
c:\workspace\project\sirius\library\openframeworks\libs\openframeworks\math\ofVec3f.h : warning C4819: The file contains a character that cannot be represented in the current code page (949). Save the file in Unicode format to prevent data loss (compiling source file ..\..\..\openFrameworks\types\ofParameterGroup.cpp)
c:\workspace\project\sirius\library\openframeworks\libs\openframeworks\math\ofVec2f.h : warning C4819: The file contains a character that cannot be represented in the current code page (949). Save the file in Unicode format to prevent data loss (compiling source file ..\..\..\openFrameworks\types\ofParameterGroup.cpp)
  ofSystemUtils.cpp
C:\workspace\project\sirius\library\openframeworks\libs\openFrameworks\math\ofVec3f.h : warning C4819: The file contains a character that cannot be represented in the current code page (949). Save the file in Unicode format to prevent data loss (compiling source file ..\..\..\openFrameworks\utils\ofMatrixStack.cpp)
c:\workspace\project\sirius\library\openframeworks\libs\openframeworks\math\ofVec2f.h : warning C4819: The file contains a character that cannot be represented in the current code page (949). Save the file in Unicode format to prevent data loss (compiling source file ..\..\..\openFrameworks\utils\ofMatrixStack.cpp)
  ofThread.cpp
c:\workspace\project\sirius\library\openframeworks\libs\openframeworks\math\ofVec3f.h : warning C4819: The file contains a character that cannot be represented in the current code page (949). Save the file in Unicode format to prevent data loss (compiling source file ..\..\..\openFrameworks\utils\ofFileUtils.cpp)
c:\workspace\project\sirius\library\openframeworks\libs\openframeworks\math\ofVec2f.h : warning C4819: The file contains a character that cannot be represented in the current code page (949). Save the file in Unicode format to prevent data loss (compiling source file ..\..\..\openFrameworks\utils\ofFileUtils.cpp)
c:\workspace\project\sirius\library\openframeworks\libs\openframeworks\math\ofVec3f.h : warning C4819: The file contains a character that cannot be represented in the current code page (949). Save the file in Unicode format to prevent data loss (compiling source file ..\..\..\openFrameworks\utils\ofLog.cpp)
c:\workspace\project\sirius\library\openframeworks\libs\openframeworks\math\ofVec2f.h : warning C4819: The file contains a character that cannot be represented in the current code page (949). Save the file in Unicode format to prevent data loss (compiling source file ..\..\..\openFrameworks\utils\ofLog.cpp)
  ofTimer.cpp
  ofURLFileLoader.cpp
c:\workspace\project\sirius\library\openframeworks\libs\openframeworks\math\ofVec3f.h : warning C4819: The file contains a character that cannot be represented in the current code page (949). Save the file in Unicode format to prevent data loss (compiling source file ..\..\..\openFrameworks\utils\ofThread.cpp)
c:\workspace\project\sirius\library\openframeworks\libs\openframeworks\math\ofVec2f.h : warning C4819: The file contains a character that cannot be represented in the current code page (949). Save the file in Unicode format to prevent data loss (compiling source file ..\..\..\openFrameworks\utils\ofThread.cpp)
  ofUtils.cpp
  ofXml.cpp
c:\workspace\project\sirius\library\openframeworks\libs\openframeworks\math\ofVec3f.h : warning C4819: The file contains a character that cannot be represented in the current code page (949). Save the file in Unicode format to prevent data loss (compiling source file ..\..\..\openFrameworks\utils\ofSystemUtils.cpp)
c:\workspace\project\sirius\library\openframeworks\libs\openframeworks\math\ofVec2f.h : warning C4819: The file contains a character that cannot be represented in the current code page (949). Save the file in Unicode format to prevent data loss (compiling source file ..\..\..\openFrameworks\utils\ofSystemUtils.cpp)
C:\workspace\project\sirius\library\openframeworks\libs\openFrameworks\math\ofVec3f.h : warning C4819: The file contains a character that cannot be represented in the current code page (949). Save the file in Unicode format to prevent data loss (compiling source file ..\..\..\openFrameworks\utils\ofURLFileLoader.cpp)
c:\workspace\project\sirius\library\openframeworks\libs\openframeworks\math\ofVec2f.h : warning C4819: The file contains a character that cannot be represented in the current code page (949). Save the file in Unicode format to prevent data loss (compiling source file ..\..\..\openFrameworks\utils\ofURLFileLoader.cpp)
  ofDirectShowGrabber.cpp
C:\workspace\project\sirius\library\openframeworks\libs\openFrameworks\math\ofVec3f.h : warning C4819: The file contains a character that cannot be represented in the current code page (949). Save the file in Unicode format to prevent data loss (compiling source file ..\..\..\openFrameworks\utils\ofXml.cpp)
c:\workspace\project\sirius\library\openframeworks\libs\openframeworks\math\ofVec2f.h : warning C4819: The file contains a character that cannot be represented in the current code page (949). Save the file in Unicode format to prevent data loss (compiling source file ..\..\..\openFrameworks\utils\ofXml.cpp)
  ofDirectShowPlayer.cpp
  ofVideoGrabber.cpp
C:\workspace\project\sirius\library\openframeworks\libs\openFrameworks\math\ofVec3f.h : warning C4819: The file contains a character that cannot be represented in the current code page (949). Save the file in Unicode format to prevent data loss (compiling source file ..\..\..\openFrameworks\video\ofDirectShowGrabber.cpp)
c:\workspace\project\sirius\library\openframeworks\libs\openframeworks\math\ofVec2f.h : warning C4819: The file contains a character that cannot be represented in the current code page (949). Save the file in Unicode format to prevent data loss (compiling source file ..\..\..\openFrameworks\video\ofDirectShowGrabber.cpp)
  ofVideoPlayer.cpp
c:\workspace\project\sirius\library\openframeworks\libs\openframeworks\math\ofVec3f.h : warning C4819: The file contains a character that cannot be represented in the current code page (949). Save the file in Unicode format to prevent data loss (compiling source file ..\..\..\openFrameworks\utils\ofUtils.cpp)
c:\workspace\project\sirius\library\openframeworks\libs\openframeworks\math\ofVec2f.h : warning C4819: The file contains a character that cannot be represented in the current code page (949). Save the file in Unicode format to prevent data loss (compiling source file ..\..\..\openFrameworks\utils\ofUtils.cpp)
C:\workspace\project\sirius\library\openframeworks\libs\openFrameworks\math\ofVec3f.h : warning C4819: The file contains a character that cannot be represented in the current code page (949). Save the file in Unicode format to prevent data loss (compiling source file ..\..\..\openFrameworks\video\ofVideoGrabber.cpp)
c:\workspace\project\sirius\library\openframeworks\libs\openframeworks\math\ofVec2f.h : warning C4819: The file contains a character that cannot be represented in the current code page (949). Save the file in Unicode format to prevent data loss (compiling source file ..\..\..\openFrameworks\video\ofVideoGrabber.cpp)
  ofArduino.cpp
C:\workspace\project\sirius\library\openframeworks\libs\openFrameworks\math\ofVec3f.h : warning C4819: The file contains a character that cannot be represented in the current code page (949). Save the file in Unicode format to prevent data loss (compiling source file ..\..\..\openFrameworks\video\ofVideoPlayer.cpp)
c:\workspace\project\sirius\library\openframeworks\libs\openframeworks\math\ofVec2f.h : warning C4819: The file contains a character that cannot be represented in the current code page (949). Save the file in Unicode format to prevent data loss (compiling source file ..\..\..\openFrameworks\video\ofVideoPlayer.cpp)
c:\workspace\project\sirius\library\openframeworks\libs\openframeworks\math\ofVec3f.h : warning C4819: The file contains a character that cannot be represented in the current code page (949). Save the file in Unicode format to prevent data loss (compiling source file ..\..\..\openFrameworks\video\ofDirectShowPlayer.cpp)
c:\workspace\project\sirius\library\openframeworks\libs\openframeworks\math\ofVec2f.h : warning C4819: The file contains a character that cannot be represented in the current code page (949). Save the file in Unicode format to prevent data loss (compiling source file ..\..\..\openFrameworks\video\ofDirectShowPlayer.cpp)
C:\workspace\project\sirius\library\openframeworks\libs\openFrameworks\math\ofVec3f.h : warning C4819: The file contains a character that cannot be represented in the current code page (949). Save the file in Unicode format to prevent data loss (compiling source file ..\..\..\openFrameworks\communication\ofArduino.cpp)
c:\workspace\project\sirius\library\openframeworks\libs\openframeworks\math\ofVec2f.h : warning C4819: The file contains a character that cannot be represented in the current code page (949). Save the file in Unicode format to prevent data loss (compiling source file ..\..\..\openFrameworks\communication\ofArduino.cpp)
  ofSerial.cpp
c:\workspace\project\sirius\library\openframeworks\libs\openframeworks\math\ofVec3f.h : warning C4819: The file contains a character that cannot be represented in the current code page (949). Save the file in Unicode format to prevent data loss (compiling source file ..\..\..\openFrameworks\communication\ofSerial.cpp)
c:\workspace\project\sirius\library\openframeworks\libs\openframeworks\math\ofVec2f.h : warning C4819: The file contains a character that cannot be represented in the current code page (949). Save the file in Unicode format to prevent data loss (compiling source file ..\..\..\openFrameworks\communication\ofSerial.cpp)
  openframeworksLib.vcxproj -> C:\workspace\project\sirius\library\openframeworks\libs\openFrameworksCompiled\project\vs\..\..\lib\vs\Win32\openframeworksLib_debug.lib
