  of3dPrimitives.cpp
  of3dUtils.cpp
  ofCamera.cpp
  ofEasyCam.cpp
  ofMesh.cpp
  ofNode.cpp
  ofAppGLFWWindow.cpp
  ofAppGlutWindow.cpp
C:\workspace\project\sirius\library\openframeworks\libs\openFrameworks\math\ofVec3f.h : warning C4819: The file contains a character that cannot be represented in the current code page (949). Save the file in Unicode format to prevent data loss (compiling source file ..\..\..\openFrameworks\3d\of3dPrimitives.cpp)
C:\workspace\project\sirius\library\openframeworks\libs\openFrameworks\math\ofVec3f.h : warning C4819: The file contains a character that cannot be represented in the current code page (949). Save the file in Unicode format to prevent data loss (compiling source file ..\..\..\openFrameworks\3d\ofMesh.cpp)
c:\workspace\project\sirius\library\openframeworks\libs\openframeworks\math\ofVec2f.h : warning C4819: The file contains a character that cannot be represented in the current code page (949). Save the file in Unicode format to prevent data loss (compiling source file ..\..\..\openFrameworks\3d\ofNode.cpp)
c:\workspace\project\sirius\library\openframeworks\libs\openframeworks\math\ofVec2f.h : warning C4819: The file contains a character that cannot be represented in the current code page (949). Save the file in Unicode format to prevent data loss (compiling source file ..\..\..\openFrameworks\3d\of3dPrimitives.cpp)
c:\workspace\project\sirius\library\openframeworks\libs\openframeworks\math\ofVec2f.h : warning C4819: The file contains a character that cannot be represented in the current code page (949). Save the file in Unicode format to prevent data loss (compiling source file ..\..\..\openFrameworks\3d\ofMesh.cpp)
C:\workspace\project\sirius\library\openframeworks\libs\openFrameworks\math\ofVec3f.h : warning C4819: The file contains a character that cannot be represented in the current code page (949). Save the file in Unicode format to prevent data loss (compiling source file ..\..\..\openFrameworks\3d\ofEasyCam.cpp)
c:\workspace\project\sirius\library\openframeworks\libs\openframeworks\math\ofVec2f.h : warning C4819: The file contains a character that cannot be represented in the current code page (949). Save the file in Unicode format to prevent data loss (compiling source file ..\..\..\openFrameworks\3d\ofEasyCam.cpp)
C:\workspace\project\sirius\library\openframeworks\libs\openFrameworks\math\ofVec3f.h : warning C4819: The file contains a character that cannot be represented in the current code page (949). Save the file in Unicode format to prevent data loss (compiling source file ..\..\..\openFrameworks\3d\of3dUtils.cpp)
c:\workspace\project\sirius\library\openframeworks\libs\openframeworks\math\ofVec2f.h : warning C4819: The file contains a character that cannot be represented in the current code page (949). Save the file in Unicode format to prevent data loss (compiling source file ..\..\..\openFrameworks\3d\of3dUtils.cpp)
C:\workspace\project\sirius\library\openframeworks\libs\openFrameworks\math\ofVec3f.h : warning C4819: The file contains a character that cannot be represented in the current code page (949). Save the file in Unicode format to prevent data loss (compiling source file ..\..\..\openFrameworks\app\ofAppGlutWindow.cpp)
c:\workspace\project\sirius\library\openframeworks\libs\openframeworks\math\ofVec2f.h : warning C4819: The file contains a character that cannot be represented in the current code page (949). Save the file in Unicode format to prevent data loss (compiling source file ..\..\..\openFrameworks\app\ofAppGlutWindow.cpp)
C:\workspace\project\sirius\library\openframeworks\libs\openFrameworks\math\ofVec3f.h : warning C4819: The file contains a character that cannot be represented in the current code page (949). Save the file in Unicode format to prevent data loss (compiling source file ..\..\..\openFrameworks\3d\ofCamera.cpp)
c:\workspace\project\sirius\library\openframeworks\libs\openframeworks\math\ofVec2f.h : warning C4819: The file contains a character that cannot be represented in the current code page (949). Save the file in Unicode format to prevent data loss (compiling source file ..\..\..\openFrameworks\3d\ofCamera.cpp)
c:\workspace\project\sirius\library\openframeworks\libs\openframeworks\math\ofVec3f.h : warning C4819: The file contains a character that cannot be represented in the current code page (949). Save the file in Unicode format to prevent data loss (compiling source file ..\..\..\openFrameworks\3d\ofNode.cpp)
C:\workspace\project\sirius\library\openframeworks\libs\openFrameworks\math\ofVec3f.h : warning C4819: The file contains a character that cannot be represented in the current code page (949). Save the file in Unicode format to prevent data loss (compiling source file ..\..\..\openFrameworks\app\ofAppGLFWWindow.cpp)
c:\workspace\project\sirius\library\openframeworks\libs\openframeworks\math\ofVec2f.h : warning C4819: The file contains a character that cannot be represented in the current code page (949). Save the file in Unicode format to prevent data loss (compiling source file ..\..\..\openFrameworks\app\ofAppGLFWWindow.cpp)
..\..\..\openFrameworks\app\ofAppGlutWindow.cpp(250): warning C4996: 'sprintf': This function or variable may be unsafe. Consider using sprintf_s instead. To disable deprecation, use _CRT_SECURE_NO_WARNINGS. See online help for details.
  C:\Program Files (x86)\Windows Kits\10\Include\10.0.10240.0\ucrt\stdio.h(1769): note: see declaration of 'sprintf'
  ofAppNoWindow.cpp
  ofAppRunner.cpp
  ofMainLoop.cpp
C:\workspace\project\sirius\library\openframeworks\libs\openFrameworks\math\ofVec3f.h : warning C4819: The file contains a character that cannot be represented in the current code page (949). Save the file in Unicode format to prevent data loss (compiling source file ..\..\..\openFrameworks\app\ofAppNoWindow.cpp)
c:\workspace\project\sirius\library\openframeworks\libs\openframeworks\math\ofVec2f.h : warning C4819: The file contains a character that cannot be represented in the current code page (949). Save the file in Unicode format to prevent data loss (compiling source file ..\..\..\openFrameworks\app\ofAppNoWindow.cpp)
  ofEvents.cpp
C:\workspace\project\sirius\library\openframeworks\libs\openFrameworks\math\ofVec3f.h : warning C4819: The file contains a character that cannot be represented in the current code page (949). Save the file in Unicode format to prevent data loss (compiling source file ..\..\..\openFrameworks\app\ofAppRunner.cpp)
c:\workspace\project\sirius\library\openframeworks\libs\openframeworks\math\ofVec2f.h : warning C4819: The file contains a character that cannot be represented in the current code page (949). Save the file in Unicode format to prevent data loss (compiling source file ..\..\..\openFrameworks\app\ofAppRunner.cpp)
  ofBufferObject.cpp
  ofFbo.cpp
C:\workspace\project\sirius\library\openframeworks\libs\openFrameworks\math\ofVec3f.h : warning C4819: The file contains a character that cannot be represented in the current code page (949). Save the file in Unicode format to prevent data loss (compiling source file ..\..\..\openFrameworks\app\ofMainLoop.cpp)
c:\workspace\project\sirius\library\openframeworks\libs\openframeworks\math\ofVec2f.h : warning C4819: The file contains a character that cannot be represented in the current code page (949). Save the file in Unicode format to prevent data loss (compiling source file ..\..\..\openFrameworks\app\ofMainLoop.cpp)
  ofGLRenderer.cpp
C:\workspace\project\sirius\library\openframeworks\libs\openFrameworks\math\ofVec3f.h : warning C4819: The file contains a character that cannot be represented in the current code page (949). Save the file in Unicode format to prevent data loss (compiling source file ..\..\..\openFrameworks\events\ofEvents.cpp)
c:\workspace\project\sirius\library\openframeworks\libs\openframeworks\math\ofVec2f.h : warning C4819: The file contains a character that cannot be represented in the current code page (949). Save the file in Unicode format to prevent data loss (compiling source file ..\..\..\openFrameworks\events\ofEvents.cpp)
c:\workspace\project\sirius\library\openframeworks\libs\openframeworks\math\ofVec3f.h : warning C4819: The file contains a character that cannot be represented in the current code page (949). Save the file in Unicode format to prevent data loss (compiling source file ..\..\..\openFrameworks\gl\ofBufferObject.cpp)
c:\workspace\project\sirius\library\openframeworks\libs\openframeworks\math\ofVec2f.h : warning C4819: The file contains a character that cannot be represented in the current code page (949). Save the file in Unicode format to prevent data loss (compiling source file ..\..\..\openFrameworks\gl\ofBufferObject.cpp)
  ofGLUtils.cpp
C:\workspace\project\sirius\library\openframeworks\libs\openFrameworks\math\ofVec3f.h : warning C4819: The file contains a character that cannot be represented in the current code page (949). Save the file in Unicode format to prevent data loss (compiling source file ..\..\..\openFrameworks\gl\ofFbo.cpp)
c:\workspace\project\sirius\library\openframeworks\libs\openframeworks\math\ofVec2f.h : warning C4819: The file contains a character that cannot be represented in the current code page (949). Save the file in Unicode format to prevent data loss (compiling source file ..\..\..\openFrameworks\gl\ofFbo.cpp)
c:\workspace\project\sirius\library\openframeworks\libs\openframeworks\math\ofVec3f.h : warning C4819: The file contains a character that cannot be represented in the current code page (949). Save the file in Unicode format to prevent data loss (compiling source file ..\..\..\openFrameworks\gl\ofGLRenderer.cpp)
c:\workspace\project\sirius\library\openframeworks\libs\openframeworks\math\ofVec2f.h : warning C4819: The file contains a character that cannot be represented in the current code page (949). Save the file in Unicode format to prevent data loss (compiling source file ..\..\..\openFrameworks\gl\ofGLRenderer.cpp)
c:\workspace\project\sirius\library\openframeworks\libs\openframeworks\math\ofVec3f.h : warning C4819: The file contains a character that cannot be represented in the current code page (949). Save the file in Unicode format to prevent data loss (compiling source file ..\..\..\openFrameworks\gl\ofGLUtils.cpp)
c:\workspace\project\sirius\library\openframeworks\libs\openframeworks\math\ofVec2f.h : warning C4819: The file contains a character that cannot be represented in the current code page (949). Save the file in Unicode format to prevent data loss (compiling source file ..\..\..\openFrameworks\gl\ofGLUtils.cpp)
  ofLight.cpp
c:\workspace\project\sirius\library\openframeworks\libs\openframeworks\math\ofVec2f.h : warning C4819: The file contains a character that cannot be represented in the current code page (949). Save the file in Unicode format to prevent data loss (compiling source file ..\..\..\openFrameworks\gl\ofLight.cpp)
  ofMaterial.cpp
c:\workspace\project\sirius\library\openframeworks\libs\openframeworks\math\ofVec3f.h : warning C4819: The file contains a character that cannot be represented in the current code page (949). Save the file in Unicode format to prevent data loss (compiling source file ..\..\..\openFrameworks\gl\ofMaterial.cpp)
c:\workspace\project\sirius\library\openframeworks\libs\openframeworks\math\ofVec2f.h : warning C4819: The file contains a character that cannot be represented in the current code page (949). Save the file in Unicode format to prevent data loss (compiling source file ..\..\..\openFrameworks\gl\ofMaterial.cpp)
  ofGLProgrammableRenderer.cpp
  ofShader.cpp
c:\workspace\project\sirius\library\openframeworks\libs\openframeworks\math\ofVec3f.h : warning C4819: The file contains a character that cannot be represented in the current code page (949). Save the file in Unicode format to prevent data loss (compiling source file ..\..\..\openFrameworks\gl\ofLight.cpp)
  ofTexture.cpp
C:\workspace\project\sirius\library\openframeworks\libs\openFrameworks\math\ofVec3f.h : warning C4819: The file contains a character that cannot be represented in the current code page (949). Save the file in Unicode format to prevent data loss (compiling source file ..\..\..\openFrameworks\gl\ofTexture.cpp)
c:\workspace\project\sirius\library\openframeworks\libs\openframeworks\math\ofVec2f.h : warning C4819: The file contains a character that cannot be represented in the current code page (949). Save the file in Unicode format to prevent data loss (compiling source file ..\..\..\openFrameworks\gl\ofTexture.cpp)
c:\workspace\project\sirius\library\openframeworks\libs\openframeworks\math\ofVec3f.h : warning C4819: The file contains a character that cannot be represented in the current code page (949). Save the file in Unicode format to prevent data loss (compiling source file ..\..\..\openFrameworks\gl\ofGLProgrammableRenderer.cpp)
c:\workspace\project\sirius\library\openframeworks\libs\openframeworks\math\ofVec2f.h : warning C4819: The file contains a character that cannot be represented in the current code page (949). Save the file in Unicode format to prevent data loss (compiling source file ..\..\..\openFrameworks\gl\ofGLProgrammableRenderer.cpp)
c:\workspace\project\sirius\library\openframeworks\libs\openframeworks\math\ofVec3f.h : warning C4819: The file contains a character that cannot be represented in the current code page (949). Save the file in Unicode format to prevent data loss (compiling source file ..\..\..\openFrameworks\gl\ofShader.cpp)
c:\workspace\project\sirius\library\openframeworks\libs\openframeworks\math\ofVec2f.h : warning C4819: The file contains a character that cannot be represented in the current code page (949). Save the file in Unicode format to prevent data loss (compiling source file ..\..\..\openFrameworks\gl\ofShader.cpp)
  ofVbo.cpp
  ofVboMesh.cpp
C:\workspace\project\sirius\library\openframeworks\libs\openFrameworks\math\ofVec3f.h : warning C4819: The file contains a character that cannot be represented in the current code page (949). Save the file in Unicode format to prevent data loss (compiling source file ..\..\..\openFrameworks\gl\ofVboMesh.cpp)
c:\workspace\project\sirius\library\openframeworks\libs\openframeworks\math\ofVec2f.h : warning C4819: The file contains a character that cannot be represented in the current code page (949). Save the file in Unicode format to prevent data loss (compiling source file ..\..\..\openFrameworks\gl\ofVboMesh.cpp)
  of3dGraphics.cpp
c:\workspace\project\sirius\library\openframeworks\libs\openframeworks\math\ofVec3f.h : warning C4819: The file contains a character that cannot be represented in the current code page (949). Save the file in Unicode format to prevent data loss (compiling source file ..\..\..\openFrameworks\graphics\of3dGraphics.cpp)
c:\workspace\project\sirius\library\openframeworks\libs\openframeworks\math\ofVec2f.h : warning C4819: The file contains a character that cannot be represented in the current code page (949). Save the file in Unicode format to prevent data loss (compiling source file ..\..\..\openFrameworks\graphics\of3dGraphics.cpp)
c:\workspace\project\sirius\library\openframeworks\libs\openframeworks\math\ofVec3f.h : warning C4819: The file contains a character that cannot be represented in the current code page (949). Save the file in Unicode format to prevent data loss (compiling source file ..\..\..\openFrameworks\gl\ofVbo.cpp)
c:\workspace\project\sirius\library\openframeworks\libs\openframeworks\math\ofVec2f.h : warning C4819: The file contains a character that cannot be represented in the current code page (949). Save the file in Unicode format to prevent data loss (compiling source file ..\..\..\openFrameworks\gl\ofVbo.cpp)
  ofBitmapFont.cpp
  ofCairoRenderer.cpp
  ofGraphics.cpp
c:\workspace\project\sirius\library\openframeworks\libs\openframeworks\math\ofVec3f.h : warning C4819: The file contains a character that cannot be represented in the current code page (949). Save the file in Unicode format to prevent data loss (compiling source file ..\..\..\openFrameworks\graphics\ofCairoRenderer.cpp)
c:\workspace\project\sirius\library\openframeworks\libs\openframeworks\math\ofVec2f.h : warning C4819: The file contains a character that cannot be represented in the current code page (949). Save the file in Unicode format to prevent data loss (compiling source file ..\..\..\openFrameworks\graphics\ofCairoRenderer.cpp)
C:\workspace\project\sirius\library\openframeworks\libs\openFrameworks\math\ofVec3f.h : warning C4819: The file contains a character that cannot be represented in the current code page (949). Save the file in Unicode format to prevent data loss (compiling source file ..\..\..\openFrameworks\graphics\ofBitmapFont.cpp)
c:\workspace\project\sirius\library\openframeworks\libs\openframeworks\math\ofVec2f.h : warning C4819: The file contains a character that cannot be represented in the current code page (949). Save the file in Unicode format to prevent data loss (compiling source file ..\..\..\openFrameworks\graphics\ofBitmapFont.cpp)
  ofImage.cpp
c:\workspace\project\sirius\library\openframeworks\libs\openframeworks\math\ofVec3f.h : warning C4819: The file contains a character that cannot be represented in the current code page (949). Save the file in Unicode format to prevent data loss (compiling source file ..\..\..\openFrameworks\graphics\ofGraphics.cpp)
c:\workspace\project\sirius\library\openframeworks\libs\openframeworks\math\ofVec2f.h : warning C4819: The file contains a character that cannot be represented in the current code page (949). Save the file in Unicode format to prevent data loss (compiling source file ..\..\..\openFrameworks\graphics\ofGraphics.cpp)
  ofPath.cpp
  ofPixels.cpp
C:\workspace\project\sirius\library\openframeworks\libs\openFrameworks\math\ofVec3f.h : warning C4819: The file contains a character that cannot be represented in the current code page (949). Save the file in Unicode format to prevent data loss (compiling source file ..\..\..\openFrameworks\graphics\ofPath.cpp)
c:\workspace\project\sirius\library\openframeworks\libs\openframeworks\math\ofVec2f.h : warning C4819: The file contains a character that cannot be represented in the current code page (949). Save the file in Unicode format to prevent data loss (compiling source file ..\..\..\openFrameworks\graphics\ofPath.cpp)
C:\workspace\project\sirius\library\openframeworks\libs\openFrameworks\math\ofVec3f.h : warning C4819: The file contains a character that cannot be represented in the current code page (949). Save the file in Unicode format to prevent data loss (compiling source file ..\..\..\openFrameworks\graphics\ofImage.cpp)
c:\workspace\project\sirius\library\openframeworks\libs\openframeworks\math\ofVec2f.h : warning C4819: The file contains a character that cannot be represented in the current code page (949). Save the file in Unicode format to prevent data loss (compiling source file ..\..\..\openFrameworks\graphics\ofImage.cpp)
  ofPolyline.cpp
C:\workspace\project\sirius\library\openframeworks\libs\openFrameworks\math\ofVec3f.h : warning C4819: The file contains a character that cannot be represented in the current code page (949). Save the file in Unicode format to prevent data loss (compiling source file ..\..\..\openFrameworks\graphics\ofPolyline.cpp)
c:\workspace\project\sirius\library\openframeworks\libs\openframeworks\math\ofVec2f.h : warning C4819: The file contains a character that cannot be represented in the current code page (949). Save the file in Unicode format to prevent data loss (compiling source file ..\..\..\openFrameworks\graphics\ofPolyline.cpp)
  ofRendererCollection.cpp
  ofTessellator.cpp
C:\workspace\project\sirius\library\openframeworks\libs\freeImage\include\FreeImage.h : warning C4819: The file contains a character that cannot be represented in the current code page (949). Save the file in Unicode format to prevent data loss (compiling source file ..\..\..\openFrameworks\graphics\ofImage.cpp)
c:\workspace\project\sirius\library\openframeworks\libs\openframeworks\math\ofVec3f.h : warning C4819: The file contains a character that cannot be represented in the current code page (949). Save the file in Unicode format to prevent data loss (compiling source file ..\..\..\openFrameworks\graphics\ofRendererCollection.cpp)
c:\workspace\project\sirius\library\openframeworks\libs\openframeworks\math\ofVec2f.h : warning C4819: The file contains a character that cannot be represented in the current code page (949). Save the file in Unicode format to prevent data loss (compiling source file ..\..\..\openFrameworks\graphics\ofRendererCollection.cpp)
C:\workspace\project\sirius\library\openframeworks\libs\openFrameworks\math\ofVec3f.h : warning C4819: The file contains a character that cannot be represented in the current code page (949). Save the file in Unicode format to prevent data loss (compiling source file ..\..\..\openFrameworks\graphics\ofTessellator.cpp)
c:\workspace\project\sirius\library\openframeworks\libs\openframeworks\math\ofVec2f.h : warning C4819: The file contains a character that cannot be represented in the current code page (949). Save the file in Unicode format to prevent data loss (compiling source file ..\..\..\openFrameworks\graphics\ofTessellator.cpp)
c:\workspace\project\sirius\library\openframeworks\libs\openframeworks\math\ofVec3f.h : warning C4819: The file contains a character that cannot be represented in the current code page (949). Save the file in Unicode format to prevent data loss (compiling source file ..\..\..\openFrameworks\graphics\ofPixels.cpp)
c:\workspace\project\sirius\library\openframeworks\libs\openframeworks\math\ofVec2f.h : warning C4819: The file contains a character that cannot be represented in the current code page (949). Save the file in Unicode format to prevent data loss (compiling source file ..\..\..\openFrameworks\graphics\ofPixels.cpp)
  ofTrueTypeFont.cpp
  ofMath.cpp
c:\workspace\project\sirius\library\openframeworks\libs\openframeworks\math\ofVec3f.h : warning C4819: The file contains a character that cannot be represented in the current code page (949). Save the file in Unicode format to prevent data loss (compiling source file ..\..\..\openFrameworks\math\ofMath.cpp)
c:\workspace\project\sirius\library\openframeworks\libs\openframeworks\math\ofVec2f.h : warning C4819: The file contains a character that cannot be represented in the current code page (949). Save the file in Unicode format to prevent data loss (compiling source file ..\..\..\openFrameworks\math\ofMath.cpp)
C:\workspace\project\sirius\library\openframeworks\libs\openFrameworks\math\ofVec3f.h : warning C4819: The file contains a character that cannot be represented in the current code page (949). Save the file in Unicode format to prevent data loss (compiling source file ..\..\..\openFrameworks\graphics\ofTrueTypeFont.cpp)
c:\workspace\project\sirius\library\openframeworks\libs\openframeworks\math\ofVec2f.h : warning C4819: The file contains a character that cannot be represented in the current code page (949). Save the file in Unicode format to prevent data loss (compiling source file ..\..\..\openFrameworks\graphics\ofTrueTypeFont.cpp)
  ofMatrix3x3.cpp
  ofMatrix4x4.cpp
c:\workspace\project\sirius\library\openframeworks\libs\openframeworks\math\ofVec3f.h : warning C4819: The file contains a character that cannot be represented in the current code page (949). Save the file in Unicode format to prevent data loss (compiling source file ..\..\..\openFrameworks\math\ofMatrix4x4.cpp)
c:\workspace\project\sirius\library\openframeworks\libs\openframeworks\math\ofVec2f.h : warning C4819: The file contains a character that cannot be represented in the current code page (949). Save the file in Unicode format to prevent data loss (compiling source file ..\..\..\openFrameworks\math\ofMatrix4x4.cpp)
  ofQuaternion.cpp
  ofVec2f.cpp
c:\workspace\project\sirius\library\openframeworks\libs\openframeworks\math\ofVec2f.h : warning C4819: The file contains a character that cannot be represented in the current code page (949). Save the file in Unicode format to prevent data loss (compiling source file ..\..\..\openFrameworks\math\ofVec2f.cpp)
  ofVec4f.cpp
c:\workspace\project\sirius\library\openframeworks\libs\openframeworks\math\ofVec2f.h : warning C4819: The file contains a character that cannot be represented in the current code page (949). Save the file in Unicode format to prevent data loss (compiling source file ..\..\..\openFrameworks\math\ofVec4f.cpp)
c:\workspace\project\sirius\library\openframeworks\libs\openframeworks\math\ofVec3f.h : warning C4819: The file contains a character that cannot be represented in the current code page (949). Save the file in Unicode format to prevent data loss (compiling source file ..\..\..\openFrameworks\math\ofQuaternion.cpp)
c:\workspace\project\sirius\library\openframeworks\libs\openframeworks\math\ofVec2f.h : warning C4819: The file contains a character that cannot be represented in the current code page (949). Save the file in Unicode format to prevent data loss (compiling source file ..\..\..\openFrameworks\math\ofQuaternion.cpp)
..\..\..\openFrameworks\graphics\ofTrueTypeFont.cpp(257): warning C4996: 'getenv': This function or variable may be unsafe. Consider using _dupenv_s instead. To disable deprecation, use _CRT_SECURE_NO_WARNINGS. See online help for details.
  C:\Program Files (x86)\Windows Kits\10\Include\10.0.10240.0\ucrt\stdlib.h(1183): note: see declaration of 'getenv'
  ofBaseSoundStream.cpp
..\..\..\openFrameworks\graphics\ofTrueTypeFont.cpp(270): warning C4996: 'wcstombs': This function or variable may be unsafe. Consider using wcstombs_s instead. To disable deprecation, use _CRT_SECURE_NO_WARNINGS. See online help for details.
  C:\Program Files (x86)\Windows Kits\10\Include\10.0.10240.0\ucrt\stdlib.h(1008): note: see declaration of 'wcstombs'
..\..\..\openFrameworks\graphics\ofTrueTypeFont.cpp(271): warning C4996: 'wcstombs': This function or variable may be unsafe. Consider using wcstombs_s instead. To disable deprecation, use _CRT_SECURE_NO_WARNINGS. See online help for details.
  C:\Program Files (x86)\Windows Kits\10\Include\10.0.10240.0\ucrt\stdlib.h(1008): note: see declaration of 'wcstombs'
c:\workspace\project\sirius\library\openframeworks\libs\openframeworks\math\ofVec3f.h : warning C4819: The file contains a character that cannot be represented in the current code page (949). Save the file in Unicode format to prevent data loss (compiling source file ..\..\..\openFrameworks\math\ofVec2f.cpp)
  ofFmodSoundPlayer.cpp
c:\workspace\project\sirius\library\openframeworks\libs\openframeworks\math\ofVec3f.h : warning C4819: The file contains a character that cannot be represented in the current code page (949). Save the file in Unicode format to prevent data loss (compiling source file ..\..\..\openFrameworks\math\ofVec4f.cpp)
  ofRtAudioSoundStream.cpp
c:\workspace\project\sirius\library\openframeworks\libs\openframeworks\math\ofVec3f.h : warning C4819: The file contains a character that cannot be represented in the current code page (949). Save the file in Unicode format to prevent data loss (compiling source file ..\..\..\openFrameworks\sound\ofBaseSoundStream.cpp)
c:\workspace\project\sirius\library\openframeworks\libs\openframeworks\math\ofVec2f.h : warning C4819: The file contains a character that cannot be represented in the current code page (949). Save the file in Unicode format to prevent data loss (compiling source file ..\..\..\openFrameworks\sound\ofBaseSoundStream.cpp)
  ofSoundBuffer.cpp
  ofSoundPlayer.cpp
  ofSoundStream.cpp
  ofBaseTypes.cpp
c:\workspace\project\sirius\library\openframeworks\libs\openframeworks\math\ofVec3f.h : warning C4819: The file contains a character that cannot be represented in the current code page (949). Save the file in Unicode format to prevent data loss (compiling source file ..\..\..\openFrameworks\sound\ofRtAudioSoundStream.cpp)
c:\workspace\project\sirius\library\openframeworks\libs\openframeworks\math\ofVec2f.h : warning C4819: The file contains a character that cannot be represented in the current code page (949). Save the file in Unicode format to prevent data loss (compiling source file ..\..\..\openFrameworks\sound\ofRtAudioSoundStream.cpp)
c:\workspace\project\sirius\library\openframeworks\libs\openframeworks\math\ofVec3f.h : warning C4819: The file contains a character that cannot be represented in the current code page (949). Save the file in Unicode format to prevent data loss (compiling source file ..\..\..\openFrameworks\sound\ofSoundBuffer.cpp)
c:\workspace\project\sirius\library\openframeworks\libs\openframeworks\math\ofVec2f.h : warning C4819: The file contains a character that cannot be represented in the current code page (949). Save the file in Unicode format to prevent data loss (compiling source file ..\..\..\openFrameworks\sound\ofSoundBuffer.cpp)
c:\workspace\project\sirius\library\openframeworks\libs\openframeworks\math\ofVec3f.h : warning C4819: The file contains a character that cannot be represented in the current code page (949). Save the file in Unicode format to prevent data loss (compiling source file ..\..\..\openFrameworks\sound\ofSoundPlayer.cpp)
c:\workspace\project\sirius\library\openframeworks\libs\openframeworks\math\ofVec2f.h : warning C4819: The file contains a character that cannot be represented in the current code page (949). Save the file in Unicode format to prevent data loss (compiling source file ..\..\..\openFrameworks\sound\ofSoundPlayer.cpp)
c:\workspace\project\sirius\library\openframeworks\libs\openframeworks\math\ofVec3f.h : warning C4819: The file contains a character that cannot be represented in the current code page (949). Save the file in Unicode format to prevent data loss (compiling source file ..\..\..\openFrameworks\sound\ofSoundStream.cpp)
c:\workspace\project\sirius\library\openframeworks\libs\openframeworks\math\ofVec2f.h : warning C4819: The file contains a character that cannot be represented in the current code page (949). Save the file in Unicode format to prevent data loss (compiling source file ..\..\..\openFrameworks\sound\ofSoundStream.cpp)
c:\workspace\project\sirius\library\openframeworks\libs\openframeworks\math\ofVec3f.h : warning C4819: The file contains a character that cannot be represented in the current code page (949). Save the file in Unicode format to prevent data loss (compiling source file ..\..\..\openFrameworks\types\ofBaseTypes.cpp)
c:\workspace\project\sirius\library\openframeworks\libs\openframeworks\math\ofVec2f.h : warning C4819: The file contains a character that cannot be represented in the current code page (949). Save the file in Unicode format to prevent data loss (compiling source file ..\..\..\openFrameworks\types\ofBaseTypes.cpp)
c:\workspace\project\sirius\library\openframeworks\libs\openframeworks\math\ofVec3f.h : warning C4819: The file contains a character that cannot be represented in the current code page (949). Save the file in Unicode format to prevent data loss (compiling source file ..\..\..\openFrameworks\sound\ofFmodSoundPlayer.cpp)
c:\workspace\project\sirius\library\openframeworks\libs\openframeworks\math\ofVec2f.h : warning C4819: The file contains a character that cannot be represented in the current code page (949). Save the file in Unicode format to prevent data loss (compiling source file ..\..\..\openFrameworks\sound\ofFmodSoundPlayer.cpp)
  ofColor.cpp
c:\workspace\project\sirius\library\openframeworks\libs\openframeworks\math\ofVec3f.h : warning C4819: The file contains a character that cannot be represented in the current code page (949). Save the file in Unicode format to prevent data loss (compiling source file ..\..\..\openFrameworks\types\ofColor.cpp)
c:\workspace\project\sirius\library\openframeworks\libs\openframeworks\math\ofVec2f.h : warning C4819: The file contains a character that cannot be represented in the current code page (949). Save the file in Unicode format to prevent data loss (compiling source file ..\..\..\openFrameworks\types\ofColor.cpp)
  ofParameter.cpp
  ofParameterGroup.cpp
  ofRectangle.cpp
C:\workspace\project\sirius\library\openframeworks\libs\openFrameworks\math\ofVec3f.h : warning C4819: The file contains a character that cannot be represented in the current code page (949). Save the file in Unicode format to prevent data loss (compiling source file ..\..\..\openFrameworks\types\ofParameter.cpp)
c:\workspace\project\sirius\library\openframeworks\libs\openframeworks\math\ofVec2f.h : warning C4819: The file contains a character that cannot be represented in the current code page (949). Save the file in Unicode format to prevent data loss (compiling source file ..\..\..\openFrameworks\types\ofParameter.cpp)
  ofFileUtils.cpp
  ofFpsCounter.cpp
C:\workspace\project\sirius\library\openframeworks\libs\openFrameworks\math\ofVec3f.h : warning C4819: The file contains a character that cannot be represented in the current code page (949). Save the file in Unicode format to prevent data loss (compiling source file ..\..\..\openFrameworks\types\ofRectangle.cpp)
c:\workspace\project\sirius\library\openframeworks\libs\openframeworks\math\ofVec2f.h : warning C4819: The file contains a character that cannot be represented in the current code page (949). Save the file in Unicode format to prevent data loss (compiling source file ..\..\..\openFrameworks\types\ofRectangle.cpp)
  ofLog.cpp
c:\workspace\project\sirius\library\openframeworks\libs\openframeworks\math\ofVec3f.h : warning C4819: The file contains a character that cannot be represented in the current code page (949). Save the file in Unicode format to prevent data loss (compiling source file ..\..\..\openFrameworks\types\ofParameterGroup.cpp)
c:\workspace\project\sirius\library\openframeworks\libs\openframeworks\math\ofVec2f.h : warning C4819: The file contains a character that cannot be represented in the current code page (949). Save the file in Unicode format to prevent data loss (compiling source file ..\..\..\openFrameworks\types\ofParameterGroup.cpp)
  ofMatrixStack.cpp
  ofSystemUtils.cpp
  ofThread.cpp
c:\workspace\project\sirius\library\openframeworks\libs\openframeworks\math\ofVec3f.h : warning C4819: The file contains a character that cannot be represented in the current code page (949). Save the file in Unicode format to prevent data loss (compiling source file ..\..\..\openFrameworks\utils\ofFileUtils.cpp)
c:\workspace\project\sirius\library\openframeworks\libs\openframeworks\math\ofVec2f.h : warning C4819: The file contains a character that cannot be represented in the current code page (949). Save the file in Unicode format to prevent data loss (compiling source file ..\..\..\openFrameworks\utils\ofFileUtils.cpp)
C:\workspace\project\sirius\library\openframeworks\libs\openFrameworks\math\ofVec3f.h : warning C4819: The file contains a character that cannot be represented in the current code page (949). Save the file in Unicode format to prevent data loss (compiling source file ..\..\..\openFrameworks\utils\ofMatrixStack.cpp)
c:\workspace\project\sirius\library\openframeworks\libs\openframeworks\math\ofVec2f.h : warning C4819: The file contains a character that cannot be represented in the current code page (949). Save the file in Unicode format to prevent data loss (compiling source file ..\..\..\openFrameworks\utils\ofMatrixStack.cpp)
  ofTimer.cpp
  ofURLFileLoader.cpp
c:\workspace\project\sirius\library\openframeworks\libs\openframeworks\math\ofVec3f.h : warning C4819: The file contains a character that cannot be represented in the current code page (949). Save the file in Unicode format to prevent data loss (compiling source file ..\..\..\openFrameworks\utils\ofLog.cpp)
c:\workspace\project\sirius\library\openframeworks\libs\openframeworks\math\ofVec2f.h : warning C4819: The file contains a character that cannot be represented in the current code page (949). Save the file in Unicode format to prevent data loss (compiling source file ..\..\..\openFrameworks\utils\ofLog.cpp)
c:\workspace\project\sirius\library\openframeworks\libs\openframeworks\math\ofVec3f.h : warning C4819: The file contains a character that cannot be represented in the current code page (949). Save the file in Unicode format to prevent data loss (compiling source file ..\..\..\openFrameworks\utils\ofThread.cpp)
c:\workspace\project\sirius\library\openframeworks\libs\openframeworks\math\ofVec2f.h : warning C4819: The file contains a character that cannot be represented in the current code page (949). Save the file in Unicode format to prevent data loss (compiling source file ..\..\..\openFrameworks\utils\ofThread.cpp)
c:\workspace\project\sirius\library\openframeworks\libs\openframeworks\math\ofVec3f.h : warning C4819: The file contains a character that cannot be represented in the current code page (949). Save the file in Unicode format to prevent data loss (compiling source file ..\..\..\openFrameworks\utils\ofSystemUtils.cpp)
c:\workspace\project\sirius\library\openframeworks\libs\openframeworks\math\ofVec2f.h : warning C4819: The file contains a character that cannot be represented in the current code page (949). Save the file in Unicode format to prevent data loss (compiling source file ..\..\..\openFrameworks\utils\ofSystemUtils.cpp)
  ofUtils.cpp
C:\workspace\project\sirius\library\openframeworks\libs\openFrameworks\math\ofVec3f.h : warning C4819: The file contains a character that cannot be represented in the current code page (949). Save the file in Unicode format to prevent data loss (compiling source file ..\..\..\openFrameworks\utils\ofURLFileLoader.cpp)
c:\workspace\project\sirius\library\openframeworks\libs\openframeworks\math\ofVec2f.h : warning C4819: The file contains a character that cannot be represented in the current code page (949). Save the file in Unicode format to prevent data loss (compiling source file ..\..\..\openFrameworks\utils\ofURLFileLoader.cpp)
  ofXml.cpp
  ofDirectShowGrabber.cpp
..\..\..\openFrameworks\utils\ofSystemUtils.cpp(261): warning C4996: 'mbstowcs': This function or variable may be unsafe. Consider using mbstowcs_s instead. To disable deprecation, use _CRT_SECURE_NO_WARNINGS. See online help for details.
  C:\Program Files (x86)\Windows Kits\10\Include\10.0.10240.0\ucrt\stdlib.h(920): note: see declaration of 'mbstowcs'
  ofDirectShowPlayer.cpp
C:\workspace\project\sirius\library\openframeworks\libs\openFrameworks\math\ofVec3f.h : warning C4819: The file contains a character that cannot be represented in the current code page (949). Save the file in Unicode format to prevent data loss (compiling source file ..\..\..\openFrameworks\utils\ofXml.cpp)
c:\workspace\project\sirius\library\openframeworks\libs\openframeworks\math\ofVec2f.h : warning C4819: The file contains a character that cannot be represented in the current code page (949). Save the file in Unicode format to prevent data loss (compiling source file ..\..\..\openFrameworks\utils\ofXml.cpp)
C:\workspace\project\sirius\library\openframeworks\libs\openFrameworks\math\ofVec3f.h : warning C4819: The file contains a character that cannot be represented in the current code page (949). Save the file in Unicode format to prevent data loss (compiling source file ..\..\..\openFrameworks\video\ofDirectShowGrabber.cpp)
c:\workspace\project\sirius\library\openframeworks\libs\openframeworks\math\ofVec2f.h : warning C4819: The file contains a character that cannot be represented in the current code page (949). Save the file in Unicode format to prevent data loss (compiling source file ..\..\..\openFrameworks\video\ofDirectShowGrabber.cpp)
c:\workspace\project\sirius\library\openframeworks\libs\openframeworks\math\ofVec3f.h : warning C4819: The file contains a character that cannot be represented in the current code page (949). Save the file in Unicode format to prevent data loss (compiling source file ..\..\..\openFrameworks\utils\ofUtils.cpp)
c:\workspace\project\sirius\library\openframeworks\libs\openframeworks\math\ofVec2f.h : warning C4819: The file contains a character that cannot be represented in the current code page (949). Save the file in Unicode format to prevent data loss (compiling source file ..\..\..\openFrameworks\utils\ofUtils.cpp)
  ofVideoGrabber.cpp
  ofVideoPlayer.cpp
  ofArduino.cpp
..\..\..\openFrameworks\video\ofDirectShowGrabber.cpp(121): warning C4018: '<': signed/unsigned mismatch
C:\workspace\project\sirius\library\openframeworks\libs\openFrameworks\math\ofVec3f.h : warning C4819: The file contains a character that cannot be represented in the current code page (949). Save the file in Unicode format to prevent data loss (compiling source file ..\..\..\openFrameworks\video\ofVideoGrabber.cpp)
c:\workspace\project\sirius\library\openframeworks\libs\openframeworks\math\ofVec2f.h : warning C4819: The file contains a character that cannot be represented in the current code page (949). Save the file in Unicode format to prevent data loss (compiling source file ..\..\..\openFrameworks\video\ofVideoGrabber.cpp)
C:\workspace\project\sirius\library\openframeworks\libs\openFrameworks\math\ofVec3f.h : warning C4819: The file contains a character that cannot be represented in the current code page (949). Save the file in Unicode format to prevent data loss (compiling source file ..\..\..\openFrameworks\video\ofVideoPlayer.cpp)
c:\workspace\project\sirius\library\openframeworks\libs\openframeworks\math\ofVec2f.h : warning C4819: The file contains a character that cannot be represented in the current code page (949). Save the file in Unicode format to prevent data loss (compiling source file ..\..\..\openFrameworks\video\ofVideoPlayer.cpp)
c:\workspace\project\sirius\library\openframeworks\libs\openframeworks\math\ofVec3f.h : warning C4819: The file contains a character that cannot be represented in the current code page (949). Save the file in Unicode format to prevent data loss (compiling source file ..\..\..\openFrameworks\video\ofDirectShowPlayer.cpp)
c:\workspace\project\sirius\library\openframeworks\libs\openframeworks\math\ofVec2f.h : warning C4819: The file contains a character that cannot be represented in the current code page (949). Save the file in Unicode format to prevent data loss (compiling source file ..\..\..\openFrameworks\video\ofDirectShowPlayer.cpp)
C:\workspace\project\sirius\library\openframeworks\libs\openFrameworks\math\ofVec3f.h : warning C4819: The file contains a character that cannot be represented in the current code page (949). Save the file in Unicode format to prevent data loss (compiling source file ..\..\..\openFrameworks\communication\ofArduino.cpp)
c:\workspace\project\sirius\library\openframeworks\libs\openframeworks\math\ofVec2f.h : warning C4819: The file contains a character that cannot be represented in the current code page (949). Save the file in Unicode format to prevent data loss (compiling source file ..\..\..\openFrameworks\communication\ofArduino.cpp)
  ofSerial.cpp
..\..\..\openFrameworks\video\ofVideoGrabber.cpp(64): warning C4018: '<': signed/unsigned mismatch
..\..\..\openFrameworks\video\ofVideoGrabber.cpp(226): warning C4018: '<': signed/unsigned mismatch
..\..\..\openFrameworks\communication\ofArduino.cpp(435): warning C4996: 'sprintf': This function or variable may be unsafe. Consider using sprintf_s instead. To disable deprecation, use _CRT_SECURE_NO_WARNINGS. See online help for details.
  C:\Program Files (x86)\Windows Kits\10\Include\10.0.10240.0\ucrt\stdio.h(1769): note: see declaration of 'sprintf'
c:\workspace\project\sirius\library\openframeworks\libs\openframeworks\math\ofVec3f.h : warning C4819: The file contains a character that cannot be represented in the current code page (949). Save the file in Unicode format to prevent data loss (compiling source file ..\..\..\openFrameworks\communication\ofSerial.cpp)
c:\workspace\project\sirius\library\openframeworks\libs\openframeworks\math\ofVec2f.h : warning C4819: The file contains a character that cannot be represented in the current code page (949). Save the file in Unicode format to prevent data loss (compiling source file ..\..\..\openFrameworks\communication\ofSerial.cpp)
..\..\..\openFrameworks\communication\ofSerial.cpp(71): warning C4996: 'strcpy': This function or variable may be unsafe. Consider using strcpy_s instead. To disable deprecation, use _CRT_SECURE_NO_WARNINGS. See online help for details.
  C:\Program Files (x86)\Windows Kits\10\Include\10.0.10240.0\ucrt\string.h(119): note: see declaration of 'strcpy'
..\..\..\openFrameworks\communication\ofSerial.cpp(58): warning C4996: 'sprintf': This function or variable may be unsafe. Consider using sprintf_s instead. To disable deprecation, use _CRT_SECURE_NO_WARNINGS. See online help for details.
  C:\Program Files (x86)\Windows Kits\10\Include\10.0.10240.0\ucrt\stdio.h(1769): note: see declaration of 'sprintf'
..\..\..\openFrameworks\communication\ofSerial.cpp(379): warning C4996: 'sscanf': This function or variable may be unsafe. Consider using sscanf_s instead. To disable deprecation, use _CRT_SECURE_NO_WARNINGS. See online help for details.
  C:\Program Files (x86)\Windows Kits\10\Include\10.0.10240.0\ucrt\stdio.h(2254): note: see declaration of 'sscanf'
..\..\..\openFrameworks\communication\ofSerial.cpp(382): warning C4996: 'sprintf': This function or variable may be unsafe. Consider using sprintf_s instead. To disable deprecation, use _CRT_SECURE_NO_WARNINGS. See online help for details.
  C:\Program Files (x86)\Windows Kits\10\Include\10.0.10240.0\ucrt\stdio.h(1769): note: see declaration of 'sprintf'
..\..\..\openFrameworks\communication\ofSerial.cpp(384): warning C4996: 'strncpy': This function or variable may be unsafe. Consider using strncpy_s instead. To disable deprecation, use _CRT_SECURE_NO_WARNINGS. See online help for details.
  C:\Program Files (x86)\Windows Kits\10\Include\10.0.10240.0\ucrt\string.h(346): note: see declaration of 'strncpy'
..\..\..\openFrameworks\communication\ofSerial.cpp(407): warning C4996: 'swprintf': function has been changed to conform with the ISO C standard, adding an extra character count parameter. To use the traditional Microsoft version, set _CRT_NON_CONFORMING_SWPRINTFS.
  C:\Program Files (x86)\Windows Kits\10\Include\10.0.10240.0\ucrt\corecrt_wstdio.h(1820): note: see declaration of 'swprintf'
  openframeworksLib.vcxproj -> C:\workspace\project\sirius\library\openframeworks\libs\openFrameworksCompiled\project\vs\..\..\lib\vs\Win32\openframeworksLib.lib
